TN:
SF:tests/dummy/app/resolver.js
FNF:0
FNH:0
LF:0
LH:0
BRF:0
BRH:0
end_of_record
TN:
SF:tests/dummy/app/router.js
FN:10,(anonymous_1)
FNF:1
FNH:0
FNDA:0,(anonymous_1)
DA:3,1
DA:5,1
DA:10,1
LF:3
LH:3
BRF:0
BRH:0
end_of_record
TN:
SF:addon/components/component.js
FN:39,(anonymous_1)
FN:43,(anonymous_2)
FN:46,(anonymous_3)
FN:56,(anonymous_4)
FN:68,(anonymous_5)
FN:78,(anonymous_6)
FN:88,(anonymous_7)
FN:91,(anonymous_8)
FN:96,(anonymous_9)
FN:146,(anonymous_10)
FN:156,(anonymous_11)
FNF:11
FNH:10
FNDA:0,(anonymous_1)
FNDA:1,(anonymous_2)
FNDA:2,(anonymous_3)
FNDA:8,(anonymous_4)
FNDA:1,(anonymous_5)
FNDA:3,(anonymous_6)
FNDA:5,(anonymous_7)
FNDA:5,(anonymous_8)
FNDA:5,(anonymous_9)
FNDA:8,(anonymous_10)
FNDA:5,(anonymous_11)
DA:3,1
DA:40,0
DA:41,0
DA:44,1
DA:47,2
DA:57,8
DA:58,1
DA:69,1
DA:79,3
DA:89,5
DA:93,5
DA:96,5
DA:97,5
DA:131,5
DA:138,5
DA:140,5
DA:141,3
DA:143,5
DA:147,8
DA:149,8
DA:150,8
DA:152,8
DA:153,3
DA:157,5
LF:24
LH:22
BRDA:57,1,0,1
BRDA:57,1,1,7
BRDA:57,2,0,8
BRDA:57,2,1,8
BRDA:140,3,0,3
BRDA:140,3,1,2
BRDA:152,4,0,3
BRDA:152,4,1,5
BRF:8
BRH:8
end_of_record
TN:
SF:app/components/component.js
FNF:0
FNH:0
LF:0
LH:0
BRF:0
BRH:0
end_of_record
